2025-10-30 00:09:54,042 - __main__ - INFO - Twitter scraper functions imported successfully
2025-10-30 00:09:54,817 - mongodb_manager - INFO - Connected to MongoDB at mongodb+srv://sachivcsv_db_user:tfLNVtw5PlMOFxI7@cluster0.sez8ihw.mongodb.net/spine_scraper
2025-10-30 00:09:55,333 - mongodb_manager - INFO - MongoDB indexes created successfully
2025-10-30 00:09:55,379 - mongodb_manager - INFO - MongoDB Manager initialized with database: Beautiful_Spine
2025-10-30 00:09:55,946 - unified_app.twitter_mongo_manager - INFO - Twitter MongoDB Manager connected to mongodb+srv://sachivcsv_db_user:tfLNVtw5PlMOFxI7@cluster0.sez8ihw.mongodb.net/spine_scraper
2025-10-30 00:09:56,320 - unified_app.twitter_mongo_manager - INFO - Twitter MongoDB indexes created
2025-10-30 00:09:56,366 - unified_app.twitter_mongo_manager - INFO - Twitter MongoDB Manager initialized
2025-10-30 00:09:56,369 - apscheduler.scheduler - INFO - Adding job tentatively -- it will be properly scheduled when the scheduler starts
2025-10-30 00:09:56,372 - __main__ - INFO - Starting Unified Flask App
2025-10-30 00:09:56,372 - __main__ - INFO - Spine DB: Beautiful_Spine
2025-10-30 00:09:56,373 - apscheduler.scheduler - INFO - Added job "Automatic Article Scraping" to job store "default"
2025-10-30 00:09:56,373 - apscheduler.scheduler - INFO - Scheduler started
2025-10-30 00:09:56,373 - __main__ - INFO - Automatic article scraping scheduler started (every 10 hours)
2025-10-30 00:09:56,373 - __main__ - INFO - Starting initial article scraping...
2025-10-30 00:09:56,373 - __main__ - INFO - Starting automatic article scraping...
 * Serving Flask app 'app'
 * Debug mode: on
2025-10-30 00:09:56,374 - __main__ - INFO - Auto-scraping from spine_market_group...
2025-10-30 00:09:56,381 - werkzeug - INFO - [31m[1mWARNING: This is a development server. Do not use it in a production deployment. Use a production WSGI server instead.[0m
 * Running on all addresses (0.0.0.0)
 * Running on http://127.0.0.1:5000
 * Running on http://192.168.0.106:5000
2025-10-30 00:09:56,381 - werkzeug - INFO - [33mPress CTRL+C to quit[0m
2025-10-30 00:09:56,381 - werkzeug - INFO -  * Restarting with stat
2025-10-30 00:09:56,778 - __main__ - INFO - Twitter scraper functions imported successfully
2025-10-30 00:09:57,361 - mongodb_manager - INFO - Connected to MongoDB at mongodb+srv://sachivcsv_db_user:tfLNVtw5PlMOFxI7@cluster0.sez8ihw.mongodb.net/spine_scraper
2025-10-30 00:09:57,852 - mongodb_manager - INFO - MongoDB indexes created successfully
2025-10-30 00:09:57,898 - mongodb_manager - INFO - MongoDB Manager initialized with database: Beautiful_Spine
2025-10-30 00:09:58,449 - unified_app.twitter_mongo_manager - INFO - Twitter MongoDB Manager connected to mongodb+srv://sachivcsv_db_user:tfLNVtw5PlMOFxI7@cluster0.sez8ihw.mongodb.net/spine_scraper
2025-10-30 00:09:58,843 - unified_app.twitter_mongo_manager - INFO - Twitter MongoDB indexes created
2025-10-30 00:09:58,932 - unified_app.twitter_mongo_manager - INFO - Twitter MongoDB Manager initialized
2025-10-30 00:09:58,934 - apscheduler.scheduler - INFO - Adding job tentatively -- it will be properly scheduled when the scheduler starts
2025-10-30 00:09:58,939 - __main__ - INFO - Starting Unified Flask App
2025-10-30 00:09:58,939 - __main__ - INFO - Spine DB: Beautiful_Spine
2025-10-30 00:09:58,939 - apscheduler.scheduler - INFO - Added job "Automatic Article Scraping" to job store "default"
2025-10-30 00:09:58,939 - apscheduler.scheduler - INFO - Scheduler started
2025-10-30 00:09:58,940 - __main__ - INFO - Automatic article scraping scheduler started (every 10 hours)
2025-10-30 00:09:58,940 - __main__ - INFO - Starting initial article scraping...
2025-10-30 00:09:58,940 - __main__ - INFO - Starting automatic article scraping...
2025-10-30 00:09:58,941 - __main__ - INFO - Auto-scraping from spine_market_group...
2025-10-30 00:09:58,949 - werkzeug - WARNING -  * Debugger is active!
2025-10-30 00:09:58,951 - werkzeug - INFO -  * Debugger PIN: 488-444-953
